python : Traceback (most recent call 
last):
At line:1 char:10
+ echo y | python seed_data.py 2> 
error.log; cat error.log
+          
~~~~~~~~~~~~~~~~~~~~~~~~~~~~~~~~
    + CategoryInfo          : NotSpecif 
   ied: (Traceback (most recent call l  
  ast)::String) [], RemoteException
    + FullyQualifiedErrorId : NativeCom 
   mandError
 
  File "C:\Users\mt24055\Desktop\WorkAre
a\projects\HR-app\backend\seed_data.py",
 line 515, in <module>
    main()
    ~~~~^^
  File "C:\Users\mt24055\Desktop\WorkAre
a\projects\HR-app\backend\seed_data.py",
 line 349, in main
    db.Attendance.insert_many(attendance
_data)
    ~~~~~~~~~~~~~~~~~~~~~~~~~^^^^^^^^^^^
^^^^^^
  File "C:\Users\mt24055\AppData\Local\P
rograms\Python\Python313\Lib\site-packag
es\pymongo\_csot.py", line 107, in 
csot_wrapper
    return func(self, *args, **kwargs)
  File "C:\Users\mt24055\AppData\Local\P
rograms\Python\Python313\Lib\site-packag
es\pymongo\collection.py", line 755, in 
insert_many
    blk.execute(write_concern, 
session=session)
    ~~~~~~~~~~~^^^^^^^^^^^^^^^^^^^^^^^^^
^^^^^^^
  File "C:\Users\mt24055\AppData\Local\P
rograms\Python\Python313\Lib\site-packag
es\pymongo\bulk.py", line 576, in 
execute
    return 
self.execute_command(generator, 
write_concern, session)
           ~~~~~~~~~~~~~~~~~~~~^^^^^^^^^
^^^^^^^^^^^^^^^^^^^^^^^^^^
  File "C:\Users\mt24055\AppData\Local\P
rograms\Python\Python313\Lib\site-packag
es\pymongo\bulk.py", line 446, in 
execute_command
    _raise_bulk_write_error(full_result)
    ~~~~~~~~~~~~~~~~~~~~~~~^^^^^^^^^^^^^
  File "C:\Users\mt24055\AppData\Local\P
rograms\Python\Python313\Lib\site-packag
es\pymongo\bulk.py", line 157, in 
_raise_bulk_write_error
    raise BulkWriteError(full_result)
pymongo.errors.BulkWriteError: batch op 
errors occurred, full error: 
{'writeErrors': [{'index': 0, 'code': 
121, 'errmsg': 'Document failed 
validation', 'errInfo': 
{'failingDocumentId': 
ObjectId('699c333e120c874197770f45'), 
'details': {'operatorName': 
'$jsonSchema', 
'schemaRulesNotSatisfied': 
[{'operatorName': 'properties', 
'propertiesNotSatisfied': 
[{'propertyName': 'employee_id', 
'details': [{'operatorName': 
'bsonType', 'specifiedAs': {'bsonType': 
'string'}, 'reason': 'type did not 
match', 'consideredValue': 
ObjectId('699c333e120c874197770f3c'), 
'consideredType': 'objectId'}]}]}]}}, 
'op': {'employee_id': 
ObjectId('699c333e120c874197770f3c'), 
'date': '2026-02-20', 'clock_in': 
'2026-02-20T09:21:00+00:00', 
'clock_in_location': {'latitude': 
40.7128, 'longitude': -74.006}, 
'clock_in_ip': '192.168.1.100', 
'clock_out': 
'2026-02-20T17:21:00+00:00', 
'clock_out_location': {'latitude': 
40.7128, 'longitude': -74.006}, 
'clock_out_ip': '192.168.1.100', 
'hours_worked': 8, '_id': ObjectId('699c
333e120c874197770f45')}}], 
'writeConcernErrors': [], 'nInserted': 
0, 'nUpserted': 0, 'nMatched': 0, 
'nModified': 0, 'nRemoved': 0, 
'upserted': []}
